<?xml version="1.0" encoding="UTF-8"?>
<!-- Generated by org.testng.reporters.JUnitXMLReporter -->
<testsuite ignored="1" hostname="Balaji" failures="0" tests="1" name="Default test" time="10.149" errors="0" timestamp="2022-04-06T19:13:23 IST">
  <testcase classname="com.nse.test.LoginUITest" name="validateTitleTest" time="0.018"/>
  <testcase classname="com.nse.test.LoginUITest" name="UIComponentTest" time="0.0">
    <ignored/>
  </testcase> <!-- UIComponentTest -->
</testsuite> <!-- Default test -->
