<?xml version="1.0" encoding="UTF-8"?>
<!-- Generated by org.testng.reporters.JUnitXMLReporter -->
<testsuite ignored="0" hostname="Balaji" failures="0" tests="3" name="Default test" time="73.517" errors="0" timestamp="2022-04-02T16:21:48 IST">
  <testcase classname="com.nse.test.Demo1Test" name="validTest" time="8.784"/>
  <testcase classname="com.nse.test.Demo1Test" name="validTest" time="5.638"/>
  <testcase classname="com.nse.test.Demo1Test" name="validTest" time="5.618"/>
</testsuite> <!-- Default test -->
