<?xml version="1.0" encoding="UTF-8"?>
<testng-results ignored="0" total="4" passed="4" failed="0" skipped="0">
  <reporter-output>
  </reporter-output>
  <suite started-at="2022-04-06T19:34:03 IST" name="Suite" finished-at="2022-04-06T19:34:28 IST" duration-ms="25410">
    <groups>
    </groups>
    <test started-at="2022-04-06T19:34:03 IST" name="Login UI Chrome" finished-at="2022-04-06T19:34:24 IST" duration-ms="20761">
      <class name="com.nse.test.LoginUITest">
        <test-method is-config="true" signature="setup(java.lang.String)[pri:0, instance:com.nse.test.LoginUITest@7d0b7e3c]" started-at="2022-04-06T19:34:03 IST" name="setup" finished-at="2022-04-06T19:34:13 IST" duration-ms="10181" status="PASS">
          <params>
            <param index="0">
              <value>
                <![CDATA[ch]]>
              </value>
            </param>
          </params>
          <reporter-output>
          </reporter-output>
        </test-method> <!-- setup -->
        <test-method signature="UIComponentTest()[pri:0, instance:com.nse.test.LoginUITest@7d0b7e3c]" started-at="2022-04-06T19:34:13 IST" name="UIComponentTest" finished-at="2022-04-06T19:34:13 IST" duration-ms="373" status="PASS">
          <reporter-output>
          </reporter-output>
        </test-method> <!-- UIComponentTest -->
        <test-method is-config="true" signature="teardown()[pri:0, instance:com.nse.test.LoginUITest@7d0b7e3c]" started-at="2022-04-06T19:34:13 IST" name="teardown" finished-at="2022-04-06T19:34:14 IST" duration-ms="394" status="PASS">
          <reporter-output>
          </reporter-output>
        </test-method> <!-- teardown -->
        <test-method is-config="true" signature="setup(java.lang.String)[pri:0, instance:com.nse.test.LoginUITest@7d0b7e3c]" started-at="2022-04-06T19:34:14 IST" name="setup" finished-at="2022-04-06T19:34:23 IST" duration-ms="9362" status="PASS">
          <params>
            <param index="0">
              <value>
                <![CDATA[ch]]>
              </value>
            </param>
          </params>
          <reporter-output>
          </reporter-output>
        </test-method> <!-- setup -->
        <test-method signature="validateTitleTest()[pri:0, instance:com.nse.test.LoginUITest@7d0b7e3c]" started-at="2022-04-06T19:34:23 IST" name="validateTitleTest" finished-at="2022-04-06T19:34:23 IST" duration-ms="11" status="PASS">
          <reporter-output>
          </reporter-output>
        </test-method> <!-- validateTitleTest -->
        <test-method is-config="true" signature="teardown()[pri:0, instance:com.nse.test.LoginUITest@7d0b7e3c]" started-at="2022-04-06T19:34:23 IST" name="teardown" finished-at="2022-04-06T19:34:24 IST" duration-ms="358" status="PASS">
          <reporter-output>
          </reporter-output>
        </test-method> <!-- teardown -->
      </class> <!-- com.nse.test.LoginUITest -->
    </test> <!-- Login UI Chrome -->
    <test started-at="2022-04-06T19:34:03 IST" name="Login UI Edge" finished-at="2022-04-06T19:34:28 IST" duration-ms="25410">
      <class name="com.nse.test.LoginUITest">
        <test-method is-config="true" signature="setup(java.lang.String)[pri:0, instance:com.nse.test.LoginUITest@71a8adcf]" started-at="2022-04-06T19:34:03 IST" name="setup" finished-at="2022-04-06T19:34:17 IST" duration-ms="14272" status="PASS">
          <params>
            <param index="0">
              <value>
                <![CDATA[edge]]>
              </value>
            </param>
          </params>
          <reporter-output>
          </reporter-output>
        </test-method> <!-- setup -->
        <test-method signature="UIComponentTest()[pri:0, instance:com.nse.test.LoginUITest@71a8adcf]" started-at="2022-04-06T19:34:17 IST" name="UIComponentTest" finished-at="2022-04-06T19:34:17 IST" duration-ms="277" status="PASS">
          <reporter-output>
          </reporter-output>
        </test-method> <!-- UIComponentTest -->
        <test-method is-config="true" signature="teardown()[pri:0, instance:com.nse.test.LoginUITest@71a8adcf]" started-at="2022-04-06T19:34:17 IST" name="teardown" finished-at="2022-04-06T19:34:18 IST" duration-ms="406" status="PASS">
          <reporter-output>
          </reporter-output>
        </test-method> <!-- teardown -->
        <test-method is-config="true" signature="setup(java.lang.String)[pri:0, instance:com.nse.test.LoginUITest@71a8adcf]" started-at="2022-04-06T19:34:18 IST" name="setup" finished-at="2022-04-06T19:34:28 IST" duration-ms="9998" status="PASS">
          <params>
            <param index="0">
              <value>
                <![CDATA[edge]]>
              </value>
            </param>
          </params>
          <reporter-output>
          </reporter-output>
        </test-method> <!-- setup -->
        <test-method signature="validateTitleTest()[pri:0, instance:com.nse.test.LoginUITest@71a8adcf]" started-at="2022-04-06T19:34:28 IST" name="validateTitleTest" finished-at="2022-04-06T19:34:28 IST" duration-ms="12" status="PASS">
          <reporter-output>
          </reporter-output>
        </test-method> <!-- validateTitleTest -->
        <test-method is-config="true" signature="teardown()[pri:0, instance:com.nse.test.LoginUITest@71a8adcf]" started-at="2022-04-06T19:34:28 IST" name="teardown" finished-at="2022-04-06T19:34:28 IST" duration-ms="406" status="PASS">
          <reporter-output>
          </reporter-output>
        </test-method> <!-- teardown -->
      </class> <!-- com.nse.test.LoginUITest -->
    </test> <!-- Login UI Edge -->
  </suite> <!-- Suite -->
</testng-results>
